0 info it worked if it ends with ok
1 verbose cli [ 'C:\\Program Files (x86)\\nodejs\\\\node.exe',
1 verbose cli   'C:\\Program Files (x86)\\nodejs\\node_modules\\npm\\bin\\npm-cli.js',
1 verbose cli   'start' ]
2 info using npm@1.4.21
3 info using node@v0.10.30
4 verbose node symlink C:\Program Files (x86)\nodejs\\node.exe
5 verbose run-script [ 'prestart', 'start', 'poststart' ]
6 info prestart Backand@0.2.1
7 verbose unsafe-perm in lifecycle true
8 info start Backand@0.2.1
9 verbose unsafe-perm in lifecycle true
10 info Backand@0.2.1 Failed to exec start script
11 error Backand@0.2.1 start: `http-server -a localhost -p 8000`
11 error Exit status 8
12 error Failed at the Backand@0.2.1 start script.
12 error This is most likely a problem with the Backand package,
12 error not with npm itself.
12 error Tell the author that this fails on your system:
12 error     http-server -a localhost -p 8000
12 error You can get their info via:
12 error     npm owner ls Backand
12 error There is likely additional logging output above.
13 error System Windows_NT 6.2.9200
14 error command "C:\\Program Files (x86)\\nodejs\\\\node.exe" "C:\\Program Files (x86)\\nodejs\\node_modules\\npm\\bin\\npm-cli.js" "start"
15 error cwd G:\Dev\Itay\angularbknd-demo
16 error node -v v0.10.30
17 error npm -v 1.4.21
18 error code ELIFECYCLE
19 verbose exit [ 1, true ]
